# JRE version: OpenJDK Runtime Environment (11.0+28) (build 11+28)
# Java VM: OpenJDK 64-Bit Server VM (11+28, mixed mode, tiered, compressed oops, g1 gc, windows-amd64)
Heap:
 garbage-first heap   total 129024K, used 69757K [0x00000000c0000000, 0x0000000100000000)
  region size 1024K, 7 young (7168K), 4 survivors (4096K)
 Metaspace       used 55293K, capacity 56585K, committed 56704K, reserved 1097728K
  class space    used 7261K, capacity 7696K, committed 7808K, reserved 1048576K
GC Heap History (10 events):
Event: 10.887 GC heap before
{Heap before GC invocations=11 (full 0):
 garbage-first heap   total 129024K, used 95812K [0x00000000c0000000, 0x0000000100000000)
  region size 1024K, 65 young (66560K), 9 survivors (9216K)
 Metaspace       used 48081K, capacity 49145K, committed 49408K, reserved 1091584K
  class space    used 6470K, capacity 6851K, committed 6912K, reserved 1048576K
}
Event: 10.902 GC heap after
{Heap after GC invocations=12 (full 0):
 garbage-first heap   total 129024K, used 42975K [0x00000000c0000000, 0x0000000100000000)
  region size 1024K, 4 young (4096K), 4 survivors (4096K)
 Metaspace       used 48081K, capacity 49145K, committed 49408K, reserved 1091584K
  class space    used 6470K, capacity 6851K, committed 6912K, reserved 1048576K
}
Event: 29.597 GC heap before
{Heap before GC invocations=12 (full 0):
 garbage-first heap   total 129024K, used 99295K [0x00000000c0000000, 0x0000000100000000)
  region size 1024K, 59 young (60416K), 4 survivors (4096K)
 Metaspace       used 51214K, capacity 52410K, committed 52608K, reserved 1095680K
  class space    used 6832K, capacity 7217K, committed 7296K, reserved 1048576K
}
Event: 29.613 GC heap after
{Heap after GC invocations=13 (full 0):
 garbage-first heap   total 129024K, used 48934K [0x00000000c0000000, 0x0000000100000000)
  region size 1024K, 8 young (8192K), 8 survivors (8192K)
 Metaspace       used 51214K, capacity 52410K, committed 52608K, reserved 1095680K
  class space    used 6832K, capacity 7217K, committed 7296K, reserved 1048576K
}
Event: 30.832 GC heap before
{Heap before GC invocations=13 (full 0):
 garbage-first heap   total 129024K, used 100134K [0x00000000c0000000, 0x0000000100000000)
  region size 1024K, 58 young (59392K), 8 survivors (8192K)
 Metaspace       used 54152K, capacity 55336K, committed 55552K, reserved 1097728K
  class space    used 7170K, capacity 7585K, committed 7680K, reserved 1048576K
}
Event: 30.847 GC heap after
{Heap after GC invocations=14 (full 0):
 garbage-first heap   total 129024K, used 54589K [0x00000000c0000000, 0x0000000100000000)
  region size 1024K, 6 young (6144K), 6 survivors (6144K)
 Metaspace       used 54152K, capacity 55336K, committed 55552K, reserved 1097728K
  class space    used 7170K, capacity 7585K, committed 7680K, reserved 1048576K
}
Event: 35.399 GC heap before
{Heap before GC invocations=14 (full 0):
 garbage-first heap   total 129024K, used 100669K [0x00000000c0000000, 0x0000000100000000)
  region size 1024K, 51 young (52224K), 6 survivors (6144K)
 Metaspace       used 55052K, capacity 56352K, committed 56576K, reserved 1097728K
  class space    used 7236K, capacity 7662K, committed 7680K, reserved 1048576K
}
Event: 35.421 GC heap after
{Heap after GC invocations=15 (full 0):
 garbage-first heap   total 129024K, used 60556K [0x00000000c0000000, 0x0000000100000000)
  region size 1024K, 6 young (6144K), 6 survivors (6144K)
 Metaspace       used 55052K, capacity 56352K, committed 56576K, reserved 1097728K
  class space    used 7236K, capacity 7662K, committed 7680K, reserved 1048576K
}
Event: 35.795 GC heap before
{Heap before GC invocations=15 (full 0):
 garbage-first heap   total 129024K, used 100492K [0x00000000c0000000, 0x0000000100000000)
  region size 1024K, 46 young (47104K), 6 survivors (6144K)
 Metaspace       used 55142K, capacity 56419K, committed 56576K, reserved 1097728K
  class space    used 7240K, capacity 7663K, committed 7680K, reserved 1048576K
}
Event: 35.803 GC heap after
{Heap after GC invocations=16 (full 0):
 garbage-first heap   total 129024K, used 65040K [0x00000000c0000000, 0x0000000100000000)
  region size 1024K, 5 young (5120K), 5 survivors (5120K)
 Metaspace       used 55142K, capacity 56419K, committed 56576K, reserved 1097728K
  class space    used 7240K, capacity 7663K, committed 7680K, reserved 1048576K
}

